<?xml version="1.0" encoding="UTF-8" ?>
<testsuites>
 <testsuite name="VerifyArtemis_script" package="BLE_Demo.suite" timestamp="2023-11-13 12:59:31.221 -0500"
 tests="1"  failures="2" errors="0" time="0.025000">
  <properties>
   <property name="RunDate" value="2023-11-13 12:59:31.221 -0500"/>
   <property name="Status" value="Failure"/>
  </properties>
  <testcase name="VerifyArtemis.script" assertions="1" status="failure"  time="0.003">
    <failure type="FAILURE" message="SenseTalk Compiler Exception: in verifyartemis:\nSyntax Error at line 9: can&apos;t understand [end of line] at character 45 -- Execution Time 0:00:00 VerifyArtemis.script" />
    <failure type="FAILURE" message="SenseTalk Compiler Exception: in verifyartemis:\nSyntax Error at line 9: can&apos;t understand [end of line] at character 45 -- Execution Time 0:00:00 VerifyArtemis.script" />
  </testcase>
 </testsuite>
</testsuites>
