<?xml version="1.0" encoding="UTF-8" ?>
<testsuites>
 <testsuite name="SetArtemisValues_script" package="BLE_Demo.suite" timestamp="2023-11-26 11:51:42.683 -0500"
 tests="1"  failures="1" errors="1" time="5.944000">
  <properties>
   <property name="RunDate" value="2023-11-26 11:51:42.683 -0500"/>
   <property name="Status" value="Failure"/>
  </properties>
  <testcase name="SetArtemisValues.script" assertions="1" status="error"  time="5.915">
    <failure type="FAILURE" message="File Not Found: imagefound Error - Could Not Open Image: (empty) -- Execution Time 0:00:05 SetArtemisValues.script" />
    <error type="Exception" message="Could Not Open Image: (empty)" />
  </testcase>
 </testsuite>
</testsuites>
