<?xml version="1.0" encoding="UTF-8" ?>
<testsuites>
 <testsuite name="SetArtemisValues_script" package="BLE_Demo.suite" timestamp="2023-11-26 10:48:45.332 -0500"
 tests="1"  failures="1" errors="1" time="5.253000">
  <properties>
   <property name="RunDate" value="2023-11-26 10:48:45.332 -0500"/>
   <property name="Status" value="Failure"/>
  </properties>
  <testcase name="SetArtemisValues.script" assertions="2" status="error"  time="5.23">
    <failure type="FAILURE" message="File Not Found: imagefound Error - Could Not Open Image: myValidationImage -- Execution Time 0:00:05 SetArtemisValues.script" />
    <error type="Exception" message="Could Not Open Image: myValidationImage" />
  </testcase>
 </testsuite>
</testsuites>
